<?xml version="1.0" encoding="UTF-8"?>
<testsuite name="com.bl.moodanalyser.MoodAnalyzerTest" tests="4" skipped="0" failures="0" errors="0" timestamp="2020-04-23T02:29:04" hostname="SWAPNIKA" time="0.007">
  <properties/>
  <testcase name="givenEmpty_WhenEmpty_ShouldReturnMsg" classname="com.bl.moodanalyser.MoodAnalyzerTest" time="0.002"/>
  <testcase name="givenNull_WhenNull_ShouldReturnMsg" classname="com.bl.moodanalyser.MoodAnalyzerTest" time="0.0"/>
  <testcase name="givenString_WhenHappy_ShouldReturnHappy" classname="com.bl.moodanalyser.MoodAnalyzerTest" time="0.0"/>
  <testcase name="givenString_WhenSad_ShouldReturnSad" classname="com.bl.moodanalyser.MoodAnalyzerTest" time="0.0"/>
  <system-out><![CDATA[]]></system-out>
  <system-err><![CDATA[]]></system-err>
</testsuite>
