<?xml version="1.0" encoding="UTF-8"?>
<testsuite name="com.bl.moodanalyser.MoodAnalyserTest" tests="2" skipped="0" failures="0" errors="0" timestamp="2020-04-23T09:53:33" hostname="SWAPNIKA" time="0.004">
  <properties/>
  <testcase name="givenStringToConstructor_ContainSad_ShouldReturnSad" classname="com.bl.moodanalyser.MoodAnalyserTest" time="0.003"/>
  <testcase name="givenStringToConstructor_WhenImproper_ShouldReturnNull" classname="com.bl.moodanalyser.MoodAnalyserTest" time="0.001"/>
  <system-out><![CDATA[]]></system-out>
  <system-err><![CDATA[]]></system-err>
</testsuite>
