<?xml version="1.0" encoding="UTF-8"?>
<testsuite name="com.bl.moodanalyser.MoodAnalyserTest" tests="6" skipped="0" failures="0" errors="0" timestamp="2020-04-24T22:21:34" hostname="SWAPNIKA" time="0.011">
  <properties/>
  <testcase name="givenMood_WhenAnyMood_ShouldReturnHappy" classname="com.bl.moodanalyser.MoodAnalyserTest" time="0.002"/>
  <testcase name="givenNullToConstructor_ShouldReturnNullError" classname="com.bl.moodanalyser.MoodAnalyserTest" time="0.001"/>
  <testcase name="givenEmptyToConstructor_ShouldReturnEmptyError" classname="com.bl.moodanalyser.MoodAnalyserTest" time="0.001"/>
  <testcase name="givenMood_ContainSad_ShouldReturnSad" classname="com.bl.moodanalyser.MoodAnalyserTest" time="0.0"/>
  <testcase name="givenMood_ContainHappy_ShouldReturnHappy" classname="com.bl.moodanalyser.MoodAnalyserTest" time="0.002"/>
  <testcase name="invokeDefaultConstructor_ShouldReturnNullError" classname="com.bl.moodanalyser.MoodAnalyserTest" time="0.001"/>
  <system-out><![CDATA[]]></system-out>
  <system-err><![CDATA[]]></system-err>
</testsuite>
