<?xml version="1.0" encoding="UTF-8"?>
<testsuite name="com.bl.moodanalyser.MoodAnalyserTest" tests="3" skipped="0" failures="0" errors="0" timestamp="2020-04-23T08:44:03" hostname="SWAPNIKA" time="0.004">
  <properties/>
  <testcase name="givenString_ContainHappy_ShouldReturnHappy" classname="com.bl.moodanalyser.MoodAnalyserTest" time="0.002"/>
  <testcase name="givenString_ContainSad_ShouldReturnSad" classname="com.bl.moodanalyser.MoodAnalyserTest" time="0.0"/>
  <testcase name="givenString_WhenImproper_ShouldReturnMessage" classname="com.bl.moodanalyser.MoodAnalyserTest" time="0.0"/>
  <system-out><![CDATA[]]></system-out>
  <system-err><![CDATA[]]></system-err>
</testsuite>
