<?xml version="1.0" encoding="UTF-8"?>
<testsuite name="com.bl.moodanalyser.MoodAnalyserTest" tests="5" skipped="0" failures="0" errors="0" timestamp="2020-04-23T19:33:44" hostname="SWAPNIKA" time="0.023">
  <properties/>
  <testcase name="givenString_ContainHappy_ShouldReturnHappy" classname="com.bl.moodanalyser.MoodAnalyserTest" time="0.004"/>
  <testcase name="givenStringToConstructor_WhenImproper_ShouldReturnMsg" classname="com.bl.moodanalyser.MoodAnalyserTest" time="0.001"/>
  <testcase name="givenStringToConstructor_ContainSad_ShouldReturnSad" classname="com.bl.moodanalyser.MoodAnalyserTest" time="0.001"/>
  <testcase name="givenNullToConstructor_ShouldReturnHappy" classname="com.bl.moodanalyser.MoodAnalyserTest" time="0.004"/>
  <testcase name="invokeDefaultConstructor_ShouldReturnHappy" classname="com.bl.moodanalyser.MoodAnalyserTest" time="0.0"/>
  <system-out><![CDATA[]]></system-out>
  <system-err><![CDATA[]]></system-err>
</testsuite>
